#
# There is insufficient memory for the Java Runtime Environment to continue.
# Native memory allocation (malloc) failed to allocate 1048576 bytes for E in c:\build_area\jdk6_45\hotspot\src\share\vm\utilities/taskqueue.hpp
# Possible reasons:
#   The system is out of physical RAM or swap space
#   In 32 bit mode, the process size limit was hit
# Possible solutions:
#   Reduce memory load on the system
#   Increase physical memory or swap space
#   Check if swap backing store is full
#   Use 64 bit Java on a 64 bit OS
#   Decrease Java heap size (-Xmx/-Xms)
#   Decrease number of Java threads
#   Decrease Java thread stack sizes (-Xss)
#   Set larger code cache with -XX:ReservedCodeCacheSize=
# This output file may be truncated or incomplete.
#
#  Out of Memory Error (memory/allocation.inline.hpp:44), pid=11384, tid=13088
#
# JRE version: 6.0_45-b06
# Java VM: Java HotSpot(TM) 64-Bit Server VM (20.45-b01 mixed mode windows-amd64 compressed oops)

---------------  T H R E A D  ---------------

Current thread (0x000000000061c800):  JavaThread "Unknown thread" [_thread_in_vm, id=13088, stack(0x0000000002020000,0x0000000002120000)]

Stack: [0x0000000002020000,0x0000000002120000]

---------------  P R O C E S S  ---------------

Java Threads: ( => current thread )

Other Threads:

=>0x000000000061c800 (exited) JavaThread "Unknown thread" [_thread_in_vm, id=13088, stack(0x0000000002020000,0x0000000002120000)]

VM state:not at safepoint (normal execution)

VM Mutex/Monitor currently owned by a thread: None

Heap
 PSYoungGen      total 28160K, used 483K [0x00000000e0960000, 0x00000000e28c0000, 0x0000000100000000)
  eden space 24192K, 2% used [0x00000000e0960000,0x00000000e09d8f68,0x00000000e2100000)
  from space 3968K, 0% used [0x00000000e24e0000,0x00000000e24e0000,0x00000000e28c0000)
  to   space 3968K, 0% used [0x00000000e2100000,0x00000000e2100000,0x00000000e24e0000)
 PSOldGen        total 64384K, used 0K [0x00000000a1c00000, 0x00000000a5ae0000, 0x00000000e0960000)
  object space 64384K, 0% used [0x00000000a1c00000,0x00000000a1c00000,0x00000000a5ae0000)
 PSPermGen       total 21248K, used 680K [0x000000009ca00000, 0x000000009dec0000, 0x00000000a1c00000)
  object space 21248K, 3% used [0x000000009ca00000,0x000000009caaa090,0x000000009dec0000)

Code Cache  [0x0000000002120000, 0x0000000002390000, 0x0000000005120000)
 total_blobs=34 nmethods=0 adapters=18 free_code_cache=50065280 largest_free_block=384

Dynamic libraries:
0x0000000000400000 - 0x000000000042f000 	C:\Program Files\Java\jre6\bin\javaw.exe
0x0000000076dd0000 - 0x0000000076f79000 	C:\Windows\SYSTEM32\ntdll.dll
0x0000000076cb0000 - 0x0000000076dcf000 	C:\Windows\system32\kernel32.dll
0x000007fefcdc0000 - 0x000007fefce2b000 	C:\Windows\system32\KERNELBASE.dll
0x000007fefd1b0000 - 0x000007fefd28b000 	C:\Windows\system32\ADVAPI32.dll
0x000007fefcfe0000 - 0x000007fefd07f000 	C:\Windows\system32\msvcrt.dll
0x000007fefd130000 - 0x000007fefd14f000 	C:\Windows\SYSTEM32\sechost.dll
0x000007fefec20000 - 0x000007fefed4d000 	C:\Windows\system32\RPCRT4.dll
0x0000000076bb0000 - 0x0000000076caa000 	C:\Windows\system32\USER32.dll
0x000007fefe920000 - 0x000007fefe987000 	C:\Windows\system32\GDI32.dll
0x000007fefe990000 - 0x000007fefe99e000 	C:\Windows\system32\LPK.dll
0x000007fefe850000 - 0x000007fefe919000 	C:\Windows\system32\USP10.dll
0x000007feff0b0000 - 0x000007feff0de000 	C:\Windows\system32\IMM32.DLL
0x000007fefe330000 - 0x000007fefe439000 	C:\Windows\system32\MSCTF.dll
0x000000006d830000 - 0x000000006dfec000 	C:\Program Files\Java\jre6\bin\server\jvm.dll
0x000007fefaa30000 - 0x000007fefaa6b000 	C:\Windows\system32\WINMM.dll
0x000000006d7a0000 - 0x000000006d7ae000 	C:\Program Files\Java\jre6\bin\verify.dll
0x000000006d3c0000 - 0x000000006d3e7000 	C:\Program Files\Java\jre6\bin\java.dll
0x000000006d430000 - 0x000000006d464000 	C:\Program Files\Java\jre6\bin\jdwp.dll
0x000000006d650000 - 0x000000006d658000 	C:\Program Files\Java\jre6\bin\npt.dll
0x000000006d7f0000 - 0x000000006d802000 	C:\Program Files\Java\jre6\bin\zip.dll
0x0000000076f90000 - 0x0000000076f97000 	C:\Windows\system32\PSAPI.DLL

VM Arguments:
jvm_args: -agentlib:jdwp=transport=dt_socket,suspend=y,address=localhost:59161 -Dfile.encoding=Cp1252 
java_command: uk.co.gossfunkel.citadel.Game -p gossfunkel
Launcher Type: SUN_STANDARD

Environment Variables:
PATH=C:\Program Files\Common Files\Microsoft Shared\Windows Live;C:\Program Files (x86)\Common Files\Microsoft Shared\Windows Live;C:\Program Files (x86)\Intel\iCLS Client\;C:\Program Files\Intel\iCLS Client\;C:\Windows\system32;C:\Windows;C:\Windows\System32\Wbem;C:\Windows\System32\WindowsPowerShell\v1.0\;C:\Program Files\Intel\Intel(R) Management Engine Components\DAL;C:\Program Files\Intel\Intel(R) Management Engine Components\IPT;C:\Program Files (x86)\Intel\Intel(R) Management Engine Components\DAL;C:\Program Files (x86)\Intel\Intel(R) Management Engine Components\IPT;C:\Program Files (x86)\Intel\OpenCL SDK\2.0\bin\x86;C:\Program Files (x86)\Intel\OpenCL SDK\2.0\bin\x64;C:\Program Files\Microsoft\Web Platform Installer\;C:\Program Files (x86)\Microsoft ASP.NET\ASP.NET Web Pages\v1.0\;C:\Program Files (x86)\Windows Kits\8.0\Windows Performance Toolkit\;C:\Program Files\Microsoft SQL Server\110\Tools\Binn\;C:\Program Files (x86)\Windows Live\Shared;C:\strawberry\c\bin;C:\strawberry\perl\site\bin;C:\strawberry\perl\bin;C:\Users\gossfunkel\AppData\Local\Smartbar\Application\;C:\Users\gossfunkel\AppData\Local\Smartbar\Application\;C:\Program Files\Intel\WiFi\bin\;C:\Program Files\Common Files\Intel\WirelessCommon\;C:\Program Files\Intel\WiFi\bin\;C:\Program Files\Common Files\Intel\WirelessCommon\
USERNAME=gossfunkel
OS=Windows_NT
PROCESSOR_IDENTIFIER=Intel64 Family 6 Model 58 Stepping 9, GenuineIntel



---------------  S Y S T E M  ---------------

OS: Windows 7 , 64 bit Build 7601 Service Pack 1

CPU:total 8 (4 cores per cpu, 2 threads per core) family 6 model 58 stepping 9, cmov, cx8, fxsr, mmx, sse, sse2, sse3, ssse3, sse4.1, sse4.2, popcnt, ht

Memory: 4k page, physical 6174528k(844216k free), swap 8158556k(5196k free)

vm_info: Java HotSpot(TM) 64-Bit Server VM (20.45-b01) for windows-amd64 JRE (1.6.0_45-b06), built on Apr  1 2013 12:31:37 by "java_re" with MS VC++ 8.0 (VS2005)

time: Fri May 31 01:40:55 2013
elapsed time: 0 seconds

